<?xml version="1.0" encoding="UTF-8"?>
<!-- Generated by org.testng.reporters.JUnitReportReporter -->
<testsuite hostname="Abhays-MacBook-Pro.local" failures="0" tests="2" name="testcases.LaunchTest" time="8.199" errors="0" timestamp="2020-08-03T00:21:28 IST" skipped="0">
  <testcase classname="testcases.LaunchTest" name="executeLaunch" time="4.430"/>
  <system-out/>
  <testcase classname="testcases.LaunchTest" name="executeLaunch" time="3.769"/>
  <system-out/>
</testsuite> <!-- testcases.LaunchTest -->
