<?xml version="1.0" encoding="UTF-8"?>
<!-- Generated by org.testng.reporters.JUnitReportReporter -->
<testsuite hostname="Abhays-MacBook-Pro.local" failures="0" tests="6" name="apitestcases.TypicodeTestCases" time="4.659" errors="0" timestamp="2020-08-03T01:06:51 IST" skipped="0">
  <testcase classname="apitestcases.TypicodeTestCases" name="test_updatePost_put" time="0.983"/>
  <system-out/>
  <testcase classname="apitestcases.TypicodeTestCases" name="test_fetchAllUsers_get" time="2.431"/>
  <system-out/>
  <testcase classname="apitestcases.TypicodeTestCases" name="test_verifyChelsey_get" time="0.208"/>
  <system-out/>
  <testcase classname="apitestcases.TypicodeTestCases" name="test_verifyPostTitle_get" time="0.264"/>
  <system-out/>
  <testcase classname="apitestcases.TypicodeTestCases" name="test_verifyAllPost_get" time="0.585"/>
  <system-out/>
  <testcase classname="apitestcases.TypicodeTestCases" name="test_verifyEmailOnPost_get" time="0.188"/>
  <system-out/>
</testsuite> <!-- apitestcases.TypicodeTestCases -->
