<?xml version="1.0" encoding="UTF-8"?>
<!-- Generated by org.testng.reporters.JUnitReportReporter -->
<testsuite hostname="Abhays-MacBook-Pro.local" failures="0" tests="3" name="testcases.Test_TheMealdb" time="1.971" errors="0" timestamp="2020-08-03T00:21:28 IST" skipped="0">
  <testcase classname="testcases.Test_TheMealdb" name="test_verifyAvocadoExists" time="0.082"/>
  <system-out/>
  <testcase classname="testcases.Test_TheMealdb" name="test_CajunSpicedfishExist" time="0.786"/>
  <system-out/>
  <testcase classname="testcases.Test_TheMealdb" name="test_CajunSpicedfishInstructions" time="1.103"/>
  <system-out/>
</testsuite> <!-- testcases.Test_TheMealdb -->
