<?xml version="1.0" encoding="UTF-8"?>
<!-- Generated by org.testng.reporters.JUnitReportReporter -->
<testsuite hostname="Abhays-MacBook-Pro.local" failures="0" tests="1" name="testcases.Test_TheMealdbSearch_Scenario2" time="0.842" errors="0" timestamp="2020-08-03T00:21:28 IST" skipped="0">
  <testcase classname="testcases.Test_TheMealdbSearch_Scenario2" name="test_verifySearchResult" time="0.842"/>
  <system-out/>
</testsuite> <!-- testcases.Test_TheMealdbSearch_Scenario2 -->
