<?xml version="1.0" encoding="UTF-8"?>
<!-- Generated by org.testng.reporters.JUnitReportReporter -->
<testsuite hostname="Abhays-MacBook-Pro.local" failures="0" tests="1" name="Cognologix1" time="6.892" errors="0" timestamp="2020-08-02T00:11:10 IST" skipped="0">
  <testcase classname="Cognologix1" name="testCognologix1" time="6.892"/>
  <system-out/>
</testsuite> <!-- Cognologix1 -->
